<?xml version="1.0" encoding="UTF-8"?>
<!-- Generated by org.testng.reporters.JUnitXMLReporter -->
<testsuite hostname="BANL1699b0a1b.local" ignored="0" name="Default test" tests="4" failures="0" timestamp="26 Feb 2019 09:12:49 GMT" time="5.426" errors="0">
  <testcase name="test1" time="1.538" classname="com.sample.RestAssured.SampleTest"/>
  <testcase name="test2" time="0.745" classname="com.sample.RestAssured.SampleTest"/>
  <testcase name="test3" time="2.092" classname="com.sample.RestAssured.SampleTest"/>
  <testcase name="test4" time="0.626" classname="com.sample.RestAssured.SampleTest"/>
</testsuite> <!-- Default test -->
