<?xml version="1.0" encoding="UTF-8"?>
<testng-results skipped="0" failed="0" ignored="0" total="4" passed="4">
  <reporter-output>
  </reporter-output>
  <suite name="Default suite" duration-ms="5426" started-at="2019-02-26T09:12:44Z" finished-at="2019-02-26T09:12:49Z">
    <groups>
    </groups>
    <test name="Default test" duration-ms="5426" started-at="2019-02-26T09:12:44Z" finished-at="2019-02-26T09:12:49Z">
      <class name="com.sample.RestAssured.SampleTest">
        <test-method status="PASS" signature="setup()[pri:0, instance:com.sample.RestAssured.SampleTest@28d25987]" name="setup" is-config="true" duration-ms="274" started-at="2019-02-26T09:12:44Z" finished-at="2019-02-26T09:12:44Z">
          <reporter-output>
          </reporter-output>
        </test-method> <!-- setup -->
        <test-method status="PASS" signature="createRequest()[pri:0, instance:com.sample.RestAssured.SampleTest@28d25987]" name="createRequest" is-config="true" duration-ms="125" started-at="2019-02-26T09:12:44Z" finished-at="2019-02-26T09:12:44Z">
          <reporter-output>
          </reporter-output>
        </test-method> <!-- createRequest -->
        <test-method status="PASS" signature="test1()[pri:0, instance:com.sample.RestAssured.SampleTest@28d25987]" name="test1" duration-ms="1538" started-at="2019-02-26T09:12:44Z" finished-at="2019-02-26T09:12:46Z">
          <reporter-output>
          </reporter-output>
        </test-method> <!-- test1 -->
        <test-method status="PASS" signature="teardown()[pri:0, instance:com.sample.RestAssured.SampleTest@28d25987]" name="teardown" is-config="true" duration-ms="0" started-at="2019-02-26T09:12:46Z" finished-at="2019-02-26T09:12:46Z">
          <reporter-output>
          </reporter-output>
        </test-method> <!-- teardown -->
        <test-method status="PASS" signature="createRequest()[pri:0, instance:com.sample.RestAssured.SampleTest@28d25987]" name="createRequest" is-config="true" duration-ms="4" started-at="2019-02-26T09:12:46Z" finished-at="2019-02-26T09:12:46Z">
          <reporter-output>
          </reporter-output>
        </test-method> <!-- createRequest -->
        <test-method status="PASS" signature="test2()[pri:0, instance:com.sample.RestAssured.SampleTest@28d25987]" name="test2" duration-ms="745" started-at="2019-02-26T09:12:46Z" finished-at="2019-02-26T09:12:46Z">
          <reporter-output>
          </reporter-output>
        </test-method> <!-- test2 -->
        <test-method status="PASS" signature="teardown()[pri:0, instance:com.sample.RestAssured.SampleTest@28d25987]" name="teardown" is-config="true" duration-ms="0" started-at="2019-02-26T09:12:46Z" finished-at="2019-02-26T09:12:46Z">
          <reporter-output>
          </reporter-output>
        </test-method> <!-- teardown -->
        <test-method status="PASS" signature="createRequest()[pri:0, instance:com.sample.RestAssured.SampleTest@28d25987]" name="createRequest" is-config="true" duration-ms="2" started-at="2019-02-26T09:12:46Z" finished-at="2019-02-26T09:12:46Z">
          <reporter-output>
          </reporter-output>
        </test-method> <!-- createRequest -->
        <test-method status="PASS" signature="test3()[pri:0, instance:com.sample.RestAssured.SampleTest@28d25987]" name="test3" duration-ms="2092" started-at="2019-02-26T09:12:46Z" finished-at="2019-02-26T09:12:49Z">
          <reporter-output>
          </reporter-output>
        </test-method> <!-- test3 -->
        <test-method status="PASS" signature="createRequest()[pri:0, instance:com.sample.RestAssured.SampleTest@28d25987]" name="createRequest" is-config="true" duration-ms="2" started-at="2019-02-26T09:12:49Z" finished-at="2019-02-26T09:12:49Z">
          <reporter-output>
          </reporter-output>
        </test-method> <!-- createRequest -->
        <test-method status="PASS" signature="teardown()[pri:0, instance:com.sample.RestAssured.SampleTest@28d25987]" name="teardown" is-config="true" duration-ms="0" started-at="2019-02-26T09:12:49Z" finished-at="2019-02-26T09:12:49Z">
          <reporter-output>
          </reporter-output>
        </test-method> <!-- teardown -->
        <test-method status="PASS" signature="test4()[pri:0, instance:com.sample.RestAssured.SampleTest@28d25987]" name="test4" duration-ms="626" started-at="2019-02-26T09:12:49Z" finished-at="2019-02-26T09:12:49Z">
          <reporter-output>
          </reporter-output>
        </test-method> <!-- test4 -->
        <test-method status="PASS" signature="teardown()[pri:0, instance:com.sample.RestAssured.SampleTest@28d25987]" name="teardown" is-config="true" duration-ms="0" started-at="2019-02-26T09:12:49Z" finished-at="2019-02-26T09:12:49Z">
          <reporter-output>
          </reporter-output>
        </test-method> <!-- teardown -->
      </class> <!-- com.sample.RestAssured.SampleTest -->
    </test> <!-- Default test -->
  </suite> <!-- Default suite -->
</testng-results>
